#################################################################
#	 		Vina-Carb Results	 	     	#
#################################################################

WARNING: The search space volume > 27000 Angstrom^3 (See FAQ)
WARNING: at low exhaustiveness, it may be impossible to utilize all CPUs
Reading input ... done.
Setting up the scoring function ... done.
Analyzing the binding site ... done.
Using random seed: 0
Performing search ... done.
Refining results ... done.

mode |   affinity |   chi   |  affinity | dist from best mode
     | (kcal/mol) |  energy |  - chi    | rmsd l.b.| rmsd u.b.
-----+------------+---------+--------------------+------------
   1         -8.0      0.0      -8.0      0.000      0.000
   2         -7.9      0.0      -7.9      6.165     11.207
   3         -7.8      0.0      -7.8      6.079     11.284
   4         -7.6      0.0      -7.6      6.141     10.967
   5         -7.6      0.0      -7.6      4.192     11.642
   6         -7.5      0.0      -7.5      6.130     11.041
   7         -7.4      0.0      -7.4      1.608      2.542
   8         -7.3      0.0      -7.3      4.827     13.827
   9         -7.3      0.0      -7.3      7.431     17.157
  10         -7.2      0.0      -7.2      2.122      3.029
  11         -7.0      0.0      -7.0      8.537     18.326
  12         -7.0      0.0      -7.0      3.349      6.613
  13         -7.0      0.0      -7.0      2.790      5.648
  14         -6.9      0.0      -6.9      6.593     15.409
  15         -6.9      0.0      -6.9      4.758     10.679
  16         -6.9      0.0      -6.9      7.818     12.735
  17         -6.8      0.0      -6.8      8.447     14.908
  18         -6.8      0.0      -6.8      3.952      7.293
  19         -6.8      0.0      -6.8      3.210      6.751
  20         -6.6      0.0      -6.6      1.476      2.132
  21         -6.6      0.0      -6.6      2.547      4.246
  22         -6.5      0.0      -6.5      7.786     13.114
  23         -6.5      0.0      -6.5      5.069     10.652
  24         -6.4      0.0      -6.4      3.226      7.858
  25         -6.4      0.0      -6.4      5.322     13.062
  26         -6.3      0.0      -6.3      4.798     13.999
  27         -6.1      0.0      -6.1      7.537     12.801
  28         -6.1      0.0      -6.1      5.576      9.792
  29         -6.1      0.0      -6.1      8.099     14.737
  30         -6.0      0.0      -6.0      2.097      2.899
  31         -6.0      0.0      -6.0      3.986      8.455
  32         -6.0      0.0      -6.0      6.035     11.570
  33         -5.9      0.0      -5.9      4.260     12.946
  34         -5.9      0.0      -5.9      9.051     15.740
  35         -5.9      0.0      -5.9      6.133     13.734
  36         -5.9      0.0      -5.9      7.671     12.702
  37         -5.8      0.0      -5.8      8.651     15.532
  38         -5.8      0.0      -5.8      3.060      4.726
  39         -5.8      0.0      -5.8      5.965     12.724
  40         -5.7      0.0      -5.7      6.216     12.988
  41         -5.7      0.0      -5.7      4.670     13.733
  42         -5.7      0.0      -5.7      8.844     15.718
  43         -5.7      0.0      -5.7      6.095     14.125
  44         -5.7      0.0      -5.7      5.807     11.638
  45         -5.6      0.0      -5.6      5.596     13.526
  46         -5.6      0.0      -5.6      8.097     14.503
  47         -5.6      0.0      -5.6      2.722      4.366
  48         -5.6      0.0      -5.6      8.436     15.327
  49         -5.6      0.0      -5.6      5.990     11.767
  50         -5.5      0.0      -5.5      5.067     10.873
  51         -5.5      0.0      -5.5      7.156     13.000
  52         -5.5      0.0      -5.5      5.324     12.211
  53         -5.5      0.0      -5.5      5.210     12.812
  54         -5.4      0.0      -5.4      4.516     13.166
  55         -5.4      0.0      -5.4      5.768     13.042
  56         -5.3      0.0      -5.3      6.404     13.659
  57         -5.3      0.0      -5.3      5.998     12.626
  58         -5.3      0.0      -5.3      6.298     13.805
  59         -5.3      0.0      -5.3      6.752     14.156
  60         -5.3      0.0      -5.3      5.681     13.771
  61         -5.3      0.0      -5.3      8.528     13.077
  62         -5.3      0.0      -5.3      5.637     11.350
  63         -5.3      0.0      -5.3      5.251     12.168
  64         -5.3      0.0      -5.3      5.261     12.521
  65         -5.2      0.0      -5.2      5.412     12.016
  66         -5.2      0.0      -5.2      4.964     11.040
  67         -5.2      0.0      -5.2      9.808     15.246
  68         -5.2      0.0      -5.2      6.463     12.414
  69         -5.2      0.0      -5.2      9.350     13.927
  70         -5.2      0.0      -5.2      9.635     15.023
  71         -5.2      0.0      -5.2      5.423     12.915
  72         -5.1      0.0      -5.1      7.253     11.414
  73         -5.1      0.0      -5.1      5.844     12.718
  74         -5.1      0.0      -5.1      6.664     14.040
  75         -5.1      0.0      -5.1      5.168     12.140
  76         -5.0      0.0      -5.0      7.606     12.869
  77         -5.0      0.0      -5.0      8.395     12.100
  78         -5.0      0.0      -5.0     10.501     14.291
  79         -5.0      0.0      -5.0      9.546     15.228
  80         -5.0      0.0      -5.0      5.513     14.007
  81         -5.0      0.0      -5.0      5.470     10.080
  82         -5.0      0.0      -5.0      5.829     12.613
  83         -5.0      0.0      -5.0      6.320     12.008
  84         -5.0      0.0      -5.0      5.611     12.308
  85         -5.0      0.0      -5.0      6.240      9.909
  86         -5.0      0.0      -5.0      5.875     13.068
  87         -4.9      0.0      -4.9      6.595     12.866
  88         -4.9      0.0      -4.9      5.303     12.364
  89         -4.9      0.0      -4.9      6.898     13.812
  90         -4.9      0.0      -4.9      5.178     10.692
  91         -4.9      0.0      -4.9      6.481     13.615
  92         -4.9      0.0      -4.9      7.297     12.560
  93         -4.9      0.0      -4.9      6.789     14.097
  94         -4.9      0.0      -4.9     10.304     16.249
  95         -4.8      0.0      -4.8      5.859     12.643
  96         -4.8      0.0      -4.8      8.413     13.518
  97         -4.8      0.0      -4.8     10.205     13.225
  98         -4.8      0.0      -4.8      8.136     15.306
  99         -4.7      0.0      -4.7      8.929     12.920
 100         -4.7      0.0      -4.7      7.990     14.218
Writing output ... done.
