#################################################################
#	 		GlycoTorch-Vina Results	 	 	#
#################################################################

WARNING: The search space volume > 27000 Angstrom^3 (See FAQ)
ligand.pdbqt
WARNING: at low exhaustiveness, it may be impossible to utilize all CPUs
Reading input ... done.
Setting up the scoring function ... done.
Analyzing the binding site ... done.
Using random seed: 0
Performing search ... done.
Refining results ... done.

mode |   affinity |   chi,   |  affinity | dist from best mode
     | (kcal/mol) |   ffe    |  -chi -ff  | rmsd l.b.| rmsd u.b.
-----+------------+---------+--------------------+------------
   1         -8.5   0.0, 0.0      -8.5      0.000      0.000
   2         -7.8   0.0, 0.0      -7.8      1.498      3.950
   3         -7.8   0.0, 0.0      -7.8      6.523     15.863
   4         -7.8   0.0, 0.0      -7.8      2.104      3.441
   5         -7.7   0.0, 0.0      -7.7      6.870     16.629
   6         -7.6   0.0, 0.0      -7.6      1.666      4.007
   7         -7.5   0.0, 0.0      -7.5      2.989     11.436
   8         -7.2   0.0, 0.0      -7.2      2.388      4.447
   9         -7.2   0.0, 0.0      -7.2      3.132     11.297
  10         -7.2   0.0, 0.0      -7.2      4.196      9.106
  11         -7.2   0.0, 0.0      -7.2      5.087     10.639
  12         -7.1   0.0, 0.0      -7.1      3.977      9.147
  13         -7.0   0.0, 0.0      -7.0      3.323     11.314
  14         -6.9   0.0, 0.0      -6.9     11.290     19.140
  15         -6.8   0.0, 0.0      -6.8      3.727      7.911
  16         -6.8   0.0, 0.0      -6.8      3.899     10.821
  17         -6.8   0.0, 0.0      -6.8      3.269     11.519
  18         -6.7   0.0, 0.0      -6.7      3.572     11.401
  19         -6.7   0.0, 0.0      -6.7      8.965     15.412
  20         -6.7   0.0, 0.0      -6.7      9.568     15.531
  21         -6.6   0.0, 0.0      -6.6     12.259     17.230
  22         -6.6   0.0, 0.0      -6.6     12.212     16.688
  23         -6.5   0.0, 0.0      -6.5     11.159     16.945
  24         -6.4   0.0, 0.0      -6.4      4.563      8.401
  25         -6.4   0.0, 0.0      -6.4     12.997     17.366
  26         -6.3   0.0, 0.0      -6.3      3.595     11.314
  27         -6.2   0.0, 0.0      -6.2      5.173      8.928
  28         -6.2   0.0, 0.0      -6.2      3.164     11.690
  29         -6.0   0.0, 0.0      -6.0     14.131     19.626
  30         -6.0   0.0, 0.0      -6.0      2.994     11.169
  31         -5.9   0.0, 0.0      -5.9     12.040     17.128
  32         -5.9   0.0, 0.0      -5.9      7.972     14.447
  33         -5.9   0.0, 0.0      -5.9      7.044     11.960
  34         -5.9   0.0, 0.0      -5.9      5.770      9.851
  35         -5.9   0.0, 0.0      -5.9     15.416     20.541
  36         -5.9   0.0, 0.0      -5.9     13.722     18.333
  37         -5.9   0.0, 0.0      -5.9      5.825      9.490
  38         -5.8   0.0, 0.0      -5.8     13.137     17.461
  39         -5.8   0.0, 0.0      -5.8      3.240     11.386
  40         -5.7   0.0, 0.0      -5.7      4.028      7.815
  41         -5.7   0.0, 0.0      -5.7      5.898     10.825
  42         -5.7   0.0, 0.0      -5.7      2.777     10.621
  43         -5.7   0.0, 0.0      -5.7     11.201     15.933
  44         -5.7   0.0, 0.0      -5.7      2.774     11.514
  45         -5.6   0.0, 0.0      -5.6      6.173     12.157
  46         -5.6   0.0, 0.0      -5.6      5.897     11.395
  47         -5.6   0.0, 0.0      -5.6     14.785     20.603
  48         -5.6   0.0, 0.0      -5.6      5.886     10.595
  49         -5.6   0.0, 0.0      -5.6      3.317     11.155
  50         -5.5   0.0, 0.0      -5.5     14.548     20.437
  51         -5.5   0.0, 0.0      -5.5      7.795     12.879
  52         -5.5   0.0, 0.0      -5.5      4.479     11.607
  53         -5.5   0.0, 0.0      -5.5      4.575      8.747
  54         -5.5   0.0, 0.0      -5.5     12.903     17.307
  55         -5.5   0.0, 0.0      -5.5      4.526      7.603
  56         -5.5   0.0, 0.0      -5.5      2.910     11.704
  57         -5.5   0.0, 0.0      -5.5     12.759     20.239
  58         -5.5   0.0, 0.0      -5.5      6.008      9.828
  59         -5.4   0.0, 0.0      -5.4     15.153     19.904
  60         -5.4   0.0, 0.0      -5.4     15.285     21.082
  61         -5.4   0.0, 0.0      -5.4     11.033     15.696
  62         -5.4   0.0, 0.0      -5.4     15.305     21.243
  63         -5.4   0.0, 0.0      -5.4     16.156     21.777
  64         -5.3   0.0, 0.0      -5.3      5.820     10.618
  65         -5.3   0.0, 0.0      -5.3      4.412      9.152
  66         -5.3   0.0, 0.0      -5.3     11.591     17.206
  67         -5.3   0.0, 0.0      -5.3     11.577     17.294
  68         -5.3   0.0, 0.0      -5.3     14.993     20.263
  69         -5.3   0.0, 0.0      -5.3      9.058     14.756
  70         -5.2   0.0, 0.0      -5.2      3.312     11.412
  71         -5.2   0.0, 0.0      -5.2      4.293      7.526
  72         -5.2   0.0, 0.0      -5.2      5.507     10.313
  73         -5.2   0.0, 0.0      -5.2      7.006     12.285
  74         -5.2   0.0, 0.0      -5.2      6.869     11.623
  75         -5.1   0.0, 0.0      -5.1      4.724      8.444
  76         -5.1   0.0, 0.0      -5.1      4.263      7.698
  77         -5.1   0.0, 0.0      -5.1      9.438     14.207
  78         -5.1   0.0, 0.0      -5.1      5.841     10.970
  79         -5.0   0.0, 0.0      -5.0      2.542     11.225
  80         -5.0   0.0, 0.0      -5.0     13.331     18.786
  81         -5.0   0.0, 0.0      -5.0     13.029     19.999
  82         -4.9   0.0, 0.0      -4.9      4.747     10.119
  83         -4.9   0.0, 0.0      -4.9      4.563     12.264
  84         -4.9   0.0, 0.0      -4.9      5.776     10.658
  85         -4.8   0.0, 0.0      -4.8      2.850     11.989
  86         -4.8   0.0, 0.0      -4.8     16.156     21.769
  87         -4.8   0.0, 0.0      -4.8      7.982     14.213
  88         -4.8   0.0, 0.0      -4.8      7.641     12.887
  89         -4.8   0.0, 0.0      -4.8      5.669      9.674
  90         -4.8   0.0, 0.0      -4.8      5.273      8.944
  91         -4.8   0.0, 0.0      -4.8      2.944     11.692
  92         -4.8   0.0, 0.0      -4.8      6.047     11.530
  93         -4.8   0.0, 0.0      -4.8     11.287     16.589
  94         -4.8   0.0, 0.0      -4.8     15.306     21.385
  95         -4.7   0.0, 0.0      -4.7     16.313     21.469
  96         -4.7   0.0, 0.0      -4.7      7.070     12.305
  97         -3.6   2.5, 0.0      -6.1     11.688     17.320
  98         -3.5   2.5, 0.0      -6.0      5.707      9.798
  99         -3.5   2.5, 0.0      -5.9      4.291      8.188
 100         -3.4   2.5, 0.0      -5.8      4.094      8.551
Writing output ... done.
finished computation at Mon Dec 13 16:17:22 2021
elapsed time: 61.599s
