#################################################################
# If you used AutoDock Vina in your work, please cite:          #
#                                                               #
# O. Trott, A. J. Olson,                                        #
# AutoDock Vina: improving the speed and accuracy of docking    #
# with a new scoring function, efficient optimization and       #
# multithreading, Journal of Computational Chemistry 31 (2010)  #
# 455-461                                                       #
#                                                               #
# DOI 10.1002/jcc.21334                                         #
#                                                               #
# Please see http://vina.scripps.edu for more information.      #
#################################################################

WARNING: The search space volume > 27000 Angstrom^3 (See FAQ)
WARNING: at low exhaustiveness, it may be impossible to utilize all CPUs
Reading input ... done.
Setting up the scoring function ... done.
Analyzing the binding site ... done.
Using random seed: 0
Performing search ... done.
Refining results ... done.

mode |   affinity | dist from best mode
     | (kcal/mol) | rmsd l.b.| rmsd u.b.
-----+------------+----------+----------
   1         -8.6      0.000      0.000
   2         -8.0      1.455      3.875
   3         -7.7      2.179      5.238
   4         -7.4      1.653      3.331
   5         -7.3      2.943      6.291
   6         -7.3      1.509      2.142
   7         -7.3      3.421     11.138
   8         -7.2      3.022     10.935
   9         -7.1      4.229      8.443
  10         -7.1      1.662      3.182
  11         -7.0      3.277     12.084
  12         -7.0      5.594     10.896
  13         -6.9      2.794     11.533
  14         -6.9      6.149     10.777
  15         -6.9      5.631     10.283
  16         -6.8      4.276      8.444
  17         -6.7      5.037     10.192
  18         -6.7      2.762     11.182
  19         -6.4      5.728     10.274
  20         -6.4      3.254      6.168
Writing output ... done.
